<?xml version="1.0" encoding="UTF-8"?>
<testsuite xmlns:xsi="http://www.w3.org/2001/XMLSchema-instance" xsi:noNamespaceSchemaLocation="https://maven.apache.org/surefire/maven-surefire-plugin/xsd/surefire-test-report.xsd" name="runners.MyRunner" time="14.142" tests="4" errors="0" skipped="0" failures="0">
  <properties>
[...]
</properties>
  <testcase name="Given that i am on the shopping website" classname="Scenario: add to basket" time="0.002"/>
  <testcase name="When i add an item to the basket" classname="Scenario: add to basket" time="0"/>
  <testcase name="Then i can view the item in my basket" classname="Scenario: add to basket" time="0"/>
  <testcase name="Scenario: add to basket" classname="Scenario: add to basket" time="0.001"/>
</testsuite>